;  LST file generated by mikroListExporter - v.2.0 
; Date/Time: 8/2/2024 4:23:09 PM
;----------------------------------------------

;Address Opcode 	ASM
0x0000	0x2AF1      	GOTO       753
_interrupt:
0x0004	0x00FF      	MOVWF      R15
0x0005	0x0E03      	SWAPF      STATUS, 0
0x0006	0x0183      	CLRF       STATUS
0x0007	0x00BA      	MOVWF      ___saveSTATUS
0x0008	0x080A      	MOVF       PCLATH, 0
0x0009	0x00BB      	MOVWF      ___savePCLATH
0x000A	0x018A      	CLRF       PCLATH
0x000B	0x0870      	MOVF       R0, 0
0x000C	0x00A9      	MOVWF      41
0x000D	0x0871      	MOVF       R1, 0
0x000E	0x00A8      	MOVWF      40
0x000F	0x0874      	MOVF       R4, 0
0x0010	0x00A7      	MOVWF      39
0x0011	0x0875      	MOVF       R5, 0
0x0012	0x00A6      	MOVWF      38
0x0013	0x0878      	MOVF       R8, 0
0x0014	0x00A5      	MOVWF      37
0x0015	0x0879      	MOVF       R9, 0
0x0016	0x00A4      	MOVWF      36
0x0017	0x087A      	MOVF       R10, 0
0x0018	0x00A3      	MOVWF      35
0x0019	0x087B      	MOVF       R11, 0
0x001A	0x00A2      	MOVWF      34
0x001B	0x087C      	MOVF       R12, 0
0x001C	0x00A1      	MOVWF      33
0x001D	0x087D      	MOVF       R13, 0
0x001E	0x00A0      	MOVWF      32
;MyProject.c,44 :: 		void interrupt() {
;MyProject.c,45 :: 		if (TMR0IF_BIT==1) {
0x001F	0x1D0B      	BTFSS      TMR0IF_bit, BitPos(TMR0IF_bit+0)
0x0020	0x2850      	GOTO       L_interrupt3
;MyProject.c,46 :: 		if(portd.MANUAL_SWITCH==1&&slow_counter>=WEST_YELLOW_TIME) {
0x0021	0x1F08      	BTFSS      PORTD, 6
0x0022	0x2834      	GOTO       L_interrupt6
0x0023	0x3080      	MOVLW      128
0x0024	0x0635      	XORWF      _slow_counter+1, 0
0x0025	0x00F0      	MOVWF      R0
0x0026	0x3080      	MOVLW      128
0x0027	0x0270      	SUBWF      R0, 0
0x0028	0x1D03      	BTFSS      STATUS, 2
0x0029	0x282C      	GOTO       L__interrupt53
0x002A	0x3003      	MOVLW      3
0x002B	0x0234      	SUBWF      _slow_counter, 0
L__interrupt53:
0x002C	0x1C03      	BTFSS      STATUS, 0
0x002D	0x2834      	GOTO       L_interrupt6
L__interrupt47:
;MyProject.c,47 :: 		TMR0IF_BIT = 0;
0x002E	0x110B      	BCF        TMR0IF_bit, BitPos(TMR0IF_bit+0)
;MyProject.c,48 :: 		portc.b4=1;
0x002F	0x1607      	BSF        PORTC, 4
;MyProject.c,49 :: 		portc.b5=1;
0x0030	0x1687      	BSF        PORTC, 5
;MyProject.c,50 :: 		portb.b6=0;
0x0031	0x1306      	BCF        PORTB, 6
;MyProject.c,51 :: 		portb.b7=0;                                            }
0x0032	0x1386      	BCF        PORTB, 7
0x0033	0x2850      	GOTO       L_interrupt7
L_interrupt6:
;MyProject.c,53 :: 		timer_count++;    //OCCUR EVERY 32.678 MS
0x0034	0x0AAC      	INCF       _timer_count, 1
0x0035	0x1903      	BTFSC      STATUS, 2
0x0036	0x0AAD      	INCF       _timer_count+1, 1
;MyProject.c,54 :: 		TMR0IF_BIT = 0;
0x0037	0x110B      	BCF        TMR0IF_bit, BitPos(TMR0IF_bit+0)
;MyProject.c,55 :: 		if (timer_count % 25 == 0) {                 //must be 31
0x0038	0x3019      	MOVLW      25
0x0039	0x00F4      	MOVWF      R4
0x003A	0x3000      	MOVLW      0
0x003B	0x00F5      	MOVWF      R4+1
0x003C	0x082C      	MOVF       _timer_count, 0
0x003D	0x00F0      	MOVWF      R0
0x003E	0x082D      	MOVF       _timer_count+1, 0
0x003F	0x00F1      	MOVWF      R0+1
0x0040	0x2097      	CALL       _Div_16x16_S
0x0041	0x0878      	MOVF       R8, 0
0x0042	0x00F0      	MOVWF      R0
0x0043	0x0879      	MOVF       R8+1, 0
0x0044	0x00F1      	MOVWF      R0+1
0x0045	0x3000      	MOVLW      0
0x0046	0x0671      	XORWF      R0+1, 0
0x0047	0x1D03      	BTFSS      STATUS, 2
0x0048	0x284B      	GOTO       L__interrupt54
0x0049	0x3000      	MOVLW      0
0x004A	0x0670      	XORWF      R0, 0
L__interrupt54:
0x004B	0x1D03      	BTFSS      STATUS, 2
0x004C	0x2850      	GOTO       L_interrupt8
;MyProject.c,56 :: 		slow_counter++;   // occur every 1 second
0x004D	0x0AB4      	INCF       _slow_counter, 1
0x004E	0x1903      	BTFSC      STATUS, 2
0x004F	0x0AB5      	INCF       _slow_counter+1, 1
;MyProject.c,57 :: 		}
L_interrupt8:
;MyProject.c,58 :: 		}
L_interrupt7:
;MyProject.c,59 :: 		}
L_interrupt3:
;MyProject.c,60 :: 		}
L_end_interrupt:
L__interrupt52:
0x0050	0x0829      	MOVF       41, 0
0x0051	0x00F0      	MOVWF      R0
0x0052	0x0828      	MOVF       40, 0
0x0053	0x00F1      	MOVWF      R1
0x0054	0x0827      	MOVF       39, 0
0x0055	0x00F4      	MOVWF      R4
0x0056	0x0826      	MOVF       38, 0
0x0057	0x00F5      	MOVWF      R5
0x0058	0x0825      	MOVF       37, 0
0x0059	0x00F8      	MOVWF      R8
0x005A	0x0824      	MOVF       36, 0
0x005B	0x00F9      	MOVWF      R9
0x005C	0x0823      	MOVF       35, 0
0x005D	0x00FA      	MOVWF      R10
0x005E	0x0822      	MOVF       34, 0
0x005F	0x00FB      	MOVWF      R11
0x0060	0x0821      	MOVF       33, 0
0x0061	0x00FC      	MOVWF      R12
0x0062	0x0820      	MOVF       32, 0
0x0063	0x00FD      	MOVWF      R13
0x0064	0x083B      	MOVF       ___savePCLATH, 0
0x0065	0x008A      	MOVWF      PCLATH
0x0066	0x0E3A      	SWAPF      ___saveSTATUS, 0
0x0067	0x0083      	MOVWF      STATUS
0x0068	0x0EFF      	SWAPF      R15, 1
0x0069	0x0E7F      	SWAPF      R15, 0
0x006A	0x0009      	RETFIE
; end of _interrupt
_Div_16x16_S_L:
;__Lib_Math.c,420 :: 		
;__Lib_Math.c,426 :: 		
0x006B	0x0D71      	RLF        R1, 0
;__Lib_Math.c,427 :: 		
0x006C	0x0DF8      	RLF        R8, 1
;__Lib_Math.c,428 :: 		
0x006D	0x0DF9      	RLF        R9, 1
;__Lib_Math.c,429 :: 		
0x006E	0x0874      	MOVF       R4, 0
;__Lib_Math.c,430 :: 		
0x006F	0x02F8      	SUBWF      R8, 1
;__Lib_Math.c,431 :: 		
0x0070	0x0875      	MOVF       R5, 0
;__Lib_Math.c,432 :: 		
0x0071	0x1C03      	BTFSS      STATUS, 0
;__Lib_Math.c,433 :: 		
0x0072	0x0F75      	INCFSZ     R5, 0
;__Lib_Math.c,434 :: 		
0x0073	0x02F9      	SUBWF      R9, 1
;__Lib_Math.c,435 :: 		
0x0074	0x0DF0      	RLF        R0, 1
;__Lib_Math.c,436 :: 		
0x0075	0x0DF1      	RLF        R1, 1
;__Lib_Math.c,438 :: 		
0x0076	0x300F      	MOVLW      15
;__Lib_Math.c,439 :: 		
0x0077	0x00FC      	MOVWF      R12
;__Lib_Math.c,441 :: 		
0x0078	0x0D71      	RLF        R1, 0
;__Lib_Math.c,442 :: 		
0x0079	0x0DF8      	RLF        R8, 1
;__Lib_Math.c,443 :: 		
0x007A	0x0DF9      	RLF        R9, 1
;__Lib_Math.c,444 :: 		
0x007B	0x0874      	MOVF       R4, 0
;__Lib_Math.c,446 :: 		
0x007C	0x1C70      	BTFSS      R0, 0
;__Lib_Math.c,447 :: 		
0x007D	0x2884      	GOTO       $+7
;__Lib_Math.c,448 :: 		
0x007E	0x02F8      	SUBWF      R8, 1
;__Lib_Math.c,449 :: 		
0x007F	0x0875      	MOVF       R5, 0
;__Lib_Math.c,450 :: 		
0x0080	0x1C03      	BTFSS      STATUS, 0
;__Lib_Math.c,451 :: 		
0x0081	0x0F75      	INCFSZ     R5, 0
;__Lib_Math.c,452 :: 		
0x0082	0x02F9      	SUBWF      R9, 1
;__Lib_Math.c,453 :: 		
0x0083	0x2889      	GOTO       $+6
;__Lib_Math.c,455 :: 		
0x0084	0x07F8      	ADDWF      R8, 1
;__Lib_Math.c,456 :: 		
0x0085	0x0875      	MOVF       R5, 0
;__Lib_Math.c,457 :: 		
0x0086	0x1803      	BTFSC      STATUS, 0
;__Lib_Math.c,458 :: 		
0x0087	0x0F75      	INCFSZ     R5, 0
;__Lib_Math.c,459 :: 		
0x0088	0x07F9      	ADDWF      R9, 1
;__Lib_Math.c,461 :: 		
0x0089	0x0DF0      	RLF        R0, 1
;__Lib_Math.c,462 :: 		
0x008A	0x0DF1      	RLF        R1, 1
;__Lib_Math.c,464 :: 		
0x008B	0x0BFC      	DECFSZ     R12, 1
;__Lib_Math.c,465 :: 		
0x008C	0x2878      	GOTO       $-20
;__Lib_Math.c,467 :: 		
0x008D	0x1870      	BTFSC      R0, 0
;__Lib_Math.c,468 :: 		
0x008E	0x2895      	GOTO       $+7
;__Lib_Math.c,469 :: 		
0x008F	0x0874      	MOVF       R4, 0
;__Lib_Math.c,470 :: 		
0x0090	0x07F8      	ADDWF      R8, 1
;__Lib_Math.c,471 :: 		
0x0091	0x0875      	MOVF       R5, 0
;__Lib_Math.c,472 :: 		
0x0092	0x1803      	BTFSC      STATUS, 0
;__Lib_Math.c,473 :: 		
0x0093	0x0F75      	INCFSZ     R5, 0
;__Lib_Math.c,474 :: 		
0x0094	0x07F9      	ADDWF      R9, 1
;__Lib_Math.c,475 :: 		
0x0095	0x0000      	NOP
;__Lib_Math.c,477 :: 		
L_end_Div_16x16_S_L:
0x0096	0x0008      	RETURN
; end of _Div_16x16_S_L
_Div_16x16_S:
;__Lib_Math.c,479 :: 		
;__Lib_Math.c,487 :: 		
0x0097	0x1283      	BCF        STATUS, 5
0x0098	0x1303      	BCF        STATUS, 6
0x0099	0x0874      	MOVF       R4, 0
0x009A	0x3A00      	XORLW      0
0x009B	0x1D03      	BTFSS      STATUS, 2
0x009C	0x28A6      	GOTO       L_Div_16x16_S0
;__Lib_Math.c,488 :: 		
0x009D	0x0875      	MOVF       R5, 0
0x009E	0x3A00      	XORLW      0
0x009F	0x1D03      	BTFSS      STATUS, 2
0x00A0	0x28A6      	GOTO       L_Div_16x16_S1
;__Lib_Math.c,489 :: 		
0x00A1	0x30FF      	MOVLW      255
0x00A2	0x00F0      	MOVWF      R0
;__Lib_Math.c,490 :: 		
0x00A3	0x307F      	MOVLW      127
0x00A4	0x00F1      	MOVWF      R1
;__Lib_Math.c,491 :: 		
0x00A5	0x28FF      	GOTO       L_end_Div_16x16_S
;__Lib_Math.c,492 :: 		
L_Div_16x16_S1:
L_Div_16x16_S0:
;__Lib_Math.c,495 :: 		
0x00A6	0x1283      	BCF        STATUS, 5
;__Lib_Math.c,496 :: 		
0x00A7	0x1303      	BCF        STATUS, 6
;__Lib_Math.c,497 :: 		
0x00A8	0x01FD      	CLRF       R13
;__Lib_Math.c,498 :: 		
0x00A9	0x01F9      	CLRF       R9
;__Lib_Math.c,499 :: 		
0x00AA	0x01F8      	CLRF       R8
;__Lib_Math.c,500 :: 		
0x00AB	0x0871      	MOVF       R1, 0
;__Lib_Math.c,501 :: 		
0x00AC	0x0470      	IORWF      R0, 0
;__Lib_Math.c,502 :: 		
0x00AD	0x1903      	BTFSC      STATUS, 2
;__Lib_Math.c,503 :: 		
0x00AE	0x3400      	RETLW      0
;__Lib_Math.c,505 :: 		
0x00AF	0x0871      	MOVF       R1, 0
;__Lib_Math.c,506 :: 		
0x00B0	0x0675      	XORWF      R5, 0
;__Lib_Math.c,507 :: 		
0x00B1	0x00FA      	MOVWF      R10
;__Lib_Math.c,508 :: 		
0x00B2	0x1BFA      	BTFSC      R10, 7
;__Lib_Math.c,509 :: 		
0x00B3	0x09FD      	COMF       R13, 1
;__Lib_Math.c,511 :: 		
0x00B4	0x01FB      	CLRF       R11
;__Lib_Math.c,513 :: 		
0x00B5	0x1FF5      	BTFSS      R5, 7
;__Lib_Math.c,514 :: 		
0x00B6	0x28BC      	GOTO       $+6
;__Lib_Math.c,516 :: 		
0x00B7	0x09F4      	COMF       R4, 1
;__Lib_Math.c,517 :: 		
0x00B8	0x09F5      	COMF       R5, 1
;__Lib_Math.c,518 :: 		
0x00B9	0x0AF4      	INCF       R4, 1
;__Lib_Math.c,519 :: 		
0x00BA	0x1903      	BTFSC      STATUS, 2
;__Lib_Math.c,520 :: 		
0x00BB	0x0AF5      	INCF       R5, 1
;__Lib_Math.c,522 :: 		
0x00BC	0x1FF1      	BTFSS      R1, 7
;__Lib_Math.c,523 :: 		
0x00BD	0x28C3      	GOTO       $+6
;__Lib_Math.c,525 :: 		
0x00BE	0x09F0      	COMF       R0, 1
;__Lib_Math.c,526 :: 		
0x00BF	0x09F1      	COMF       R1, 1
;__Lib_Math.c,527 :: 		
0x00C0	0x0AF0      	INCF       R0, 1
;__Lib_Math.c,528 :: 		
0x00C1	0x1903      	BTFSC      STATUS, 2
;__Lib_Math.c,529 :: 		
0x00C2	0x0AF1      	INCF       R1, 1
;__Lib_Math.c,531 :: 		
0x00C3	0x0871      	MOVF       R1, 0
;__Lib_Math.c,532 :: 		
0x00C4	0x0475      	IORWF      R5, 0
;__Lib_Math.c,533 :: 		
0x00C5	0x00FA      	MOVWF      R10
;__Lib_Math.c,534 :: 		
0x00C6	0x1BFA      	BTFSC      R10, 7
;__Lib_Math.c,535 :: 		
0x00C7	0x28D8      	GOTO       $+17
;__Lib_Math.c,537 :: 		
0x00C8	0x206B      	CALL       _Div_16x16_S_L
;__Lib_Math.c,539 :: 		
0x00C9	0x187B      	BTFSC      R11, 0
;__Lib_Math.c,540 :: 		
0x00CA	0x28EB      	GOTO       $+33
;__Lib_Math.c,542 :: 		
0x00CB	0x1FFD      	BTFSS      R13, 7
;__Lib_Math.c,543 :: 		
0x00CC	0x3400      	RETLW      0
;__Lib_Math.c,545 :: 		
0x00CD	0x09F0      	COMF       R0, 1
;__Lib_Math.c,546 :: 		
0x00CE	0x09F1      	COMF       R1, 1
;__Lib_Math.c,547 :: 		
0x00CF	0x0AF0      	INCF       R0, 1
;__Lib_Math.c,548 :: 		
0x00D0	0x1903      	BTFSC      STATUS, 2
;__Lib_Math.c,549 :: 		
0x00D1	0x0AF1      	INCF       R1, 1
;__Lib_Math.c,551 :: 		
0x00D2	0x09F8      	COMF       R8, 1
;__Lib_Math.c,552 :: 		
0x00D3	0x09F9      	COMF       R9, 1
;__Lib_Math.c,553 :: 		
0x00D4	0x0AF8      	INCF       R8, 1
;__Lib_Math.c,554 :: 		
0x00D5	0x1903      	BTFSC      STATUS, 2
;__Lib_Math.c,555 :: 		
0x00D6	0x0AF9      	INCF       R9, 1
;__Lib_Math.c,557 :: 		
0x00D7	0x3400      	RETLW      0
;__Lib_Math.c,559 :: 		
0x00D8	0x1FF5      	BTFSS      R5, 7
;__Lib_Math.c,560 :: 		
0x00D9	0x28E7      	GOTO       $+14
;__Lib_Math.c,561 :: 		
0x00DA	0x1BF1      	BTFSC      R1, 7
;__Lib_Math.c,562 :: 		
0x00DB	0x28E3      	GOTO       $+8
;__Lib_Math.c,563 :: 		
0x00DC	0x0871      	MOVF       R1, 0
;__Lib_Math.c,564 :: 		
0x00DD	0x00F9      	MOVWF      R9
;__Lib_Math.c,565 :: 		
0x00DE	0x0870      	MOVF       R0, 0
;__Lib_Math.c,566 :: 		
0x00DF	0x00F8      	MOVWF      R8
;__Lib_Math.c,567 :: 		
0x00E0	0x01F1      	CLRF       R1
;__Lib_Math.c,568 :: 		
0x00E1	0x01F0      	CLRF       R0
;__Lib_Math.c,569 :: 		
0x00E2	0x28CB      	GOTO       $-23
;__Lib_Math.c,570 :: 		
0x00E3	0x01F1      	CLRF       R1
;__Lib_Math.c,571 :: 		
0x00E4	0x01F0      	CLRF       R0
;__Lib_Math.c,572 :: 		
0x00E5	0x0AF0      	INCF       R0, 1
;__Lib_Math.c,573 :: 		
0x00E6	0x3400      	RETLW      0
;__Lib_Math.c,575 :: 		
0x00E7	0x09F1      	COMF       R1, 1
;__Lib_Math.c,576 :: 		
0x00E8	0x09F0      	COMF       R0, 1
;__Lib_Math.c,577 :: 		
0x00E9	0x0AFB      	INCF       R11, 1
;__Lib_Math.c,578 :: 		
0x00EA	0x28C8      	GOTO       $-34
;__Lib_Math.c,580 :: 		
0x00EB	0x0AF8      	INCF       R8, 1
;__Lib_Math.c,581 :: 		
0x00EC	0x1903      	BTFSC      STATUS, 2
;__Lib_Math.c,582 :: 		
0x00ED	0x0AF9      	INCF       R9, 1
;__Lib_Math.c,583 :: 		
0x00EE	0x0874      	MOVF       R4, 0
;__Lib_Math.c,584 :: 		
0x00EF	0x0278      	SUBWF      R8, 0
;__Lib_Math.c,585 :: 		
0x00F0	0x1D03      	BTFSS      STATUS, 2
;__Lib_Math.c,586 :: 		
0x00F1	0x28CB      	GOTO       $-38
;__Lib_Math.c,587 :: 		
0x00F2	0x0875      	MOVF       R5, 0
;__Lib_Math.c,588 :: 		
0x00F3	0x0279      	SUBWF      R9, 0
;__Lib_Math.c,589 :: 		
0x00F4	0x1D03      	BTFSS      STATUS, 2
;__Lib_Math.c,590 :: 		
0x00F5	0x28CB      	GOTO       $-42
;__Lib_Math.c,591 :: 		
0x00F6	0x01F9      	CLRF       R9
;__Lib_Math.c,592 :: 		
0x00F7	0x01F8      	CLRF       R8
;__Lib_Math.c,593 :: 		
0x00F8	0x0AF0      	INCF       R0, 1
;__Lib_Math.c,594 :: 		
0x00F9	0x1903      	BTFSC      STATUS, 2
;__Lib_Math.c,595 :: 		
0x00FA	0x0AF1      	INCF       R1, 1
;__Lib_Math.c,596 :: 		
0x00FB	0x1FF1      	BTFSS      R1, 7
;__Lib_Math.c,597 :: 		
0x00FC	0x28CB      	GOTO       $-49
;__Lib_Math.c,598 :: 		
0x00FD	0x0000      	NOP
;__Lib_Math.c,599 :: 		
0x00FE	0x34FF      	RETLW      255
;__Lib_Math.c,601 :: 		
L_end_Div_16x16_S:
0x00FF	0x0008      	RETURN
; end of _Div_16x16_S
_____DoICP:
;__Lib_System.c,6 :: 		
;__Lib_System.c,9 :: 		
0x0100	0x1283      	BCF        STATUS, 5
0x0101	0x1303      	BCF        STATUS, 6
0x0102	0x0839      	MOVF       ___DoICPAddr+1, 0
0x0103	0x008A      	MOVWF      PCLATH
;__Lib_System.c,10 :: 		
0x0104	0x0838      	MOVF       ___DoICPAddr, 0
0x0105	0x0082      	MOVWF      PCL
;__Lib_System.c,12 :: 		
L_end_____DoICP:
0x0106	0x0008      	RETURN
; end of _____DoICP
_display_time:
;MyProject.c,27 :: 		void display_time(int x,int street) {
;MyProject.c,28 :: 		int remaining_time = x - slow_counter;
0x0107	0x1283      	BCF        STATUS, 5
0x0108	0x1303      	BCF        STATUS, 6
0x0109	0x0834      	MOVF       _slow_counter, 0
0x010A	0x023C      	SUBWF      FARG_display_time_x, 0
0x010B	0x00C4      	MOVWF      FLOC__display_time
0x010C	0x0835      	MOVF       _slow_counter+1, 0
0x010D	0x1C03      	BTFSS      STATUS, 0
0x010E	0x3E01      	ADDLW      1
0x010F	0x023D      	SUBWF      FARG_display_time_x+1, 0
0x0110	0x00C5      	MOVWF      FLOC__display_time+1
;MyProject.c,29 :: 		int units = remaining_time % 10;
0x0111	0x300A      	MOVLW      10
0x0112	0x00F4      	MOVWF      R4
0x0113	0x3000      	MOVLW      0
0x0114	0x00F5      	MOVWF      R4+1
0x0115	0x0844      	MOVF       FLOC__display_time, 0
0x0116	0x00F0      	MOVWF      R0
0x0117	0x0845      	MOVF       FLOC__display_time+1, 0
0x0118	0x00F1      	MOVWF      R0+1
0x0119	0x2097      	CALL       _Div_16x16_S
0x011A	0x0878      	MOVF       R8, 0
0x011B	0x00F0      	MOVWF      R0
0x011C	0x0879      	MOVF       R8+1, 0
0x011D	0x00F1      	MOVWF      R0+1
0x011E	0x0870      	MOVF       R0, 0
0x011F	0x00C0      	MOVWF      display_time_units_L0
0x0120	0x0871      	MOVF       R0+1, 0
0x0121	0x00C1      	MOVWF      display_time_units_L0+1
;MyProject.c,30 :: 		int tens = remaining_time / 10;
0x0122	0x300A      	MOVLW      10
0x0123	0x00F4      	MOVWF      R4
0x0124	0x3000      	MOVLW      0
0x0125	0x00F5      	MOVWF      R4+1
0x0126	0x0844      	MOVF       FLOC__display_time, 0
0x0127	0x00F0      	MOVWF      R0
0x0128	0x0845      	MOVF       FLOC__display_time+1, 0
0x0129	0x00F1      	MOVWF      R0+1
0x012A	0x2097      	CALL       _Div_16x16_S
0x012B	0x0870      	MOVF       R0, 0
0x012C	0x00C2      	MOVWF      display_time_tens_L0
0x012D	0x0871      	MOVF       R0+1, 0
0x012E	0x00C3      	MOVWF      display_time_tens_L0+1
;MyProject.c,31 :: 		if(street==WEST)   {
0x012F	0x3000      	MOVLW      0
0x0130	0x063F      	XORWF      FARG_display_time_street+1, 0
0x0131	0x1D03      	BTFSS      STATUS, 2
0x0132	0x2935      	GOTO       L__display_time49
0x0133	0x3000      	MOVLW      0
0x0134	0x063E      	XORWF      FARG_display_time_street, 0
L__display_time49:
0x0135	0x1D03      	BTFSS      STATUS, 2
0x0136	0x293E      	GOTO       L_display_time0
;MyProject.c,32 :: 		portc.b4=0;
0x0137	0x1207      	BCF        PORTC, 4
;MyProject.c,33 :: 		portc.b5=0;
0x0138	0x1287      	BCF        PORTC, 5
;MyProject.c,34 :: 		portc = units;
0x0139	0x0840      	MOVF       display_time_units_L0, 0
0x013A	0x0087      	MOVWF      PORTC
;MyProject.c,35 :: 		porta=tens;         }
0x013B	0x0842      	MOVF       display_time_tens_L0, 0
0x013C	0x0085      	MOVWF      PORTA
0x013D	0x294C      	GOTO       L_display_time1
L_display_time0:
;MyProject.c,36 :: 		else if(street==SOUTH) {
0x013E	0x3000      	MOVLW      0
0x013F	0x063F      	XORWF      FARG_display_time_street+1, 0
0x0140	0x1D03      	BTFSS      STATUS, 2
0x0141	0x2944      	GOTO       L__display_time50
0x0142	0x3001      	MOVLW      1
0x0143	0x063E      	XORWF      FARG_display_time_street, 0
L__display_time50:
0x0144	0x1D03      	BTFSS      STATUS, 2
0x0145	0x294C      	GOTO       L_display_time2
;MyProject.c,37 :: 		portb.b6=1;
0x0146	0x1706      	BSF        PORTB, 6
;MyProject.c,38 :: 		portb.b7=1;
0x0147	0x1786      	BSF        PORTB, 7
;MyProject.c,39 :: 		portd = units;
0x0148	0x0840      	MOVF       display_time_units_L0, 0
0x0149	0x0088      	MOVWF      PORTD
;MyProject.c,40 :: 		porte=tens;
0x014A	0x0842      	MOVF       display_time_tens_L0, 0
0x014B	0x0089      	MOVWF      PORTE
;MyProject.c,41 :: 		}
L_display_time2:
L_display_time1:
;MyProject.c,42 :: 		}
L_end_display_time:
0x014C	0x0008      	RETURN
; end of _display_time
_display_traffic_light:
;MyProject.c,62 :: 		void display_traffic_light(int street, int color) {
;MyProject.c,63 :: 		if (street == WEST) {
0x014D	0x3000      	MOVLW      0
0x014E	0x1283      	BCF        STATUS, 5
0x014F	0x1303      	BCF        STATUS, 6
0x0150	0x063D      	XORWF      FARG_display_traffic_light_street+1, 0
0x0151	0x1D03      	BTFSS      STATUS, 2
0x0152	0x2955      	GOTO       L__display_traffic_light56
0x0153	0x3000      	MOVLW      0
0x0154	0x063C      	XORWF      FARG_display_traffic_light_street, 0
L__display_traffic_light56:
0x0155	0x1D03      	BTFSS      STATUS, 2
0x0156	0x297B      	GOTO       L_display_traffic_light9
;MyProject.c,64 :: 		if (color == RED) {
0x0157	0x3000      	MOVLW      0
0x0158	0x063F      	XORWF      FARG_display_traffic_light_color+1, 0
0x0159	0x1D03      	BTFSS      STATUS, 2
0x015A	0x295D      	GOTO       L__display_traffic_light57
0x015B	0x3002      	MOVLW      2
0x015C	0x063E      	XORWF      FARG_display_traffic_light_color, 0
L__display_traffic_light57:
0x015D	0x1D03      	BTFSS      STATUS, 2
0x015E	0x2963      	GOTO       L_display_traffic_light10
;MyProject.c,65 :: 		portb.RED_WEST = 1;
0x015F	0x1406      	BSF        PORTB, 0
;MyProject.c,66 :: 		portb.YELLOW_WEST = 0;
0x0160	0x1086      	BCF        PORTB, 1
;MyProject.c,67 :: 		portb.GREEN_WEST = 0;
0x0161	0x1106      	BCF        PORTB, 2
;MyProject.c,68 :: 		}
0x0162	0x297A      	GOTO       L_display_traffic_light11
L_display_traffic_light10:
;MyProject.c,69 :: 		else if (color == YELLOW) {
0x0163	0x3000      	MOVLW      0
0x0164	0x063F      	XORWF      FARG_display_traffic_light_color+1, 0
0x0165	0x1D03      	BTFSS      STATUS, 2
0x0166	0x2969      	GOTO       L__display_traffic_light58
0x0167	0x3004      	MOVLW      4
0x0168	0x063E      	XORWF      FARG_display_traffic_light_color, 0
L__display_traffic_light58:
0x0169	0x1D03      	BTFSS      STATUS, 2
0x016A	0x296F      	GOTO       L_display_traffic_light12
;MyProject.c,70 :: 		portb.RED_WEST = 0;
0x016B	0x1006      	BCF        PORTB, 0
;MyProject.c,71 :: 		portb.YELLOW_WEST = 1;
0x016C	0x1486      	BSF        PORTB, 1
;MyProject.c,72 :: 		portb.GREEN_WEST = 0;
0x016D	0x1106      	BCF        PORTB, 2
;MyProject.c,73 :: 		}
0x016E	0x297A      	GOTO       L_display_traffic_light13
L_display_traffic_light12:
;MyProject.c,74 :: 		else if (color == GREEN) {
0x016F	0x3000      	MOVLW      0
0x0170	0x063F      	XORWF      FARG_display_traffic_light_color+1, 0
0x0171	0x1D03      	BTFSS      STATUS, 2
0x0172	0x2975      	GOTO       L__display_traffic_light59
0x0173	0x3003      	MOVLW      3
0x0174	0x063E      	XORWF      FARG_display_traffic_light_color, 0
L__display_traffic_light59:
0x0175	0x1D03      	BTFSS      STATUS, 2
0x0176	0x297A      	GOTO       L_display_traffic_light14
;MyProject.c,75 :: 		portb.RED_WEST = 0;
0x0177	0x1006      	BCF        PORTB, 0
;MyProject.c,76 :: 		portb.YELLOW_WEST = 0;
0x0178	0x1086      	BCF        PORTB, 1
;MyProject.c,77 :: 		portb.GREEN_WEST = 1;
0x0179	0x1506      	BSF        PORTB, 2
;MyProject.c,78 :: 		}
L_display_traffic_light14:
L_display_traffic_light13:
L_display_traffic_light11:
;MyProject.c,79 :: 		}
0x017A	0x29A6      	GOTO       L_display_traffic_light15
L_display_traffic_light9:
;MyProject.c,80 :: 		else if (street == SOUTH) {
0x017B	0x3000      	MOVLW      0
0x017C	0x063D      	XORWF      FARG_display_traffic_light_street+1, 0
0x017D	0x1D03      	BTFSS      STATUS, 2
0x017E	0x2981      	GOTO       L__display_traffic_light60
0x017F	0x3001      	MOVLW      1
0x0180	0x063C      	XORWF      FARG_display_traffic_light_street, 0
L__display_traffic_light60:
0x0181	0x1D03      	BTFSS      STATUS, 2
0x0182	0x29A6      	GOTO       L_display_traffic_light16
;MyProject.c,81 :: 		if (color == RED) {
0x0183	0x3000      	MOVLW      0
0x0184	0x063F      	XORWF      FARG_display_traffic_light_color+1, 0
0x0185	0x1D03      	BTFSS      STATUS, 2
0x0186	0x2989      	GOTO       L__display_traffic_light61
0x0187	0x3002      	MOVLW      2
0x0188	0x063E      	XORWF      FARG_display_traffic_light_color, 0
L__display_traffic_light61:
0x0189	0x1D03      	BTFSS      STATUS, 2
0x018A	0x298F      	GOTO       L_display_traffic_light17
;MyProject.c,82 :: 		portb.RED_SOUTH = 1;
0x018B	0x1586      	BSF        PORTB, 3
;MyProject.c,83 :: 		portb.YELLOW_SOUTH = 0;
0x018C	0x1206      	BCF        PORTB, 4
;MyProject.c,84 :: 		portb.GREEN_SOUTH = 0;
0x018D	0x1286      	BCF        PORTB, 5
;MyProject.c,85 :: 		}
0x018E	0x29A6      	GOTO       L_display_traffic_light18
L_display_traffic_light17:
;MyProject.c,86 :: 		else if (color == YELLOW) {
0x018F	0x3000      	MOVLW      0
0x0190	0x063F      	XORWF      FARG_display_traffic_light_color+1, 0
0x0191	0x1D03      	BTFSS      STATUS, 2
0x0192	0x2995      	GOTO       L__display_traffic_light62
0x0193	0x3004      	MOVLW      4
0x0194	0x063E      	XORWF      FARG_display_traffic_light_color, 0
L__display_traffic_light62:
0x0195	0x1D03      	BTFSS      STATUS, 2
0x0196	0x299B      	GOTO       L_display_traffic_light19
;MyProject.c,87 :: 		portb.RED_SOUTH = 0;
0x0197	0x1186      	BCF        PORTB, 3
;MyProject.c,88 :: 		portb.YELLOW_SOUTH = 1;
0x0198	0x1606      	BSF        PORTB, 4
;MyProject.c,89 :: 		portb.GREEN_SOUTH = 0;
0x0199	0x1286      	BCF        PORTB, 5
;MyProject.c,90 :: 		}
0x019A	0x29A6      	GOTO       L_display_traffic_light20
L_display_traffic_light19:
;MyProject.c,91 :: 		else if (color == GREEN) {
0x019B	0x3000      	MOVLW      0
0x019C	0x063F      	XORWF      FARG_display_traffic_light_color+1, 0
0x019D	0x1D03      	BTFSS      STATUS, 2
0x019E	0x29A1      	GOTO       L__display_traffic_light63
0x019F	0x3003      	MOVLW      3
0x01A0	0x063E      	XORWF      FARG_display_traffic_light_color, 0
L__display_traffic_light63:
0x01A1	0x1D03      	BTFSS      STATUS, 2
0x01A2	0x29A6      	GOTO       L_display_traffic_light21
;MyProject.c,92 :: 		portb.RED_SOUTH = 0;
0x01A3	0x1186      	BCF        PORTB, 3
;MyProject.c,93 :: 		portb.YELLOW_SOUTH = 0;
0x01A4	0x1206      	BCF        PORTB, 4
;MyProject.c,94 :: 		portb.GREEN_SOUTH = 1;
0x01A5	0x1686      	BSF        PORTB, 5
;MyProject.c,95 :: 		}
L_display_traffic_light21:
L_display_traffic_light20:
L_display_traffic_light18:
;MyProject.c,96 :: 		}
L_display_traffic_light16:
L_display_traffic_light15:
;MyProject.c,97 :: 		}
L_end_display_traffic_light:
0x01A6	0x0008      	RETURN
; end of _display_traffic_light
_manual_mode:
;MyProject.c,137 :: 		void manual_mode() {
;MyProject.c,138 :: 		if(portd.STREET_SWITCH==WEST){
0x01A7	0x1283      	BCF        STATUS, 5
0x01A8	0x1303      	BCF        STATUS, 6
0x01A9	0x1B88      	BTFSC      PORTD, 7
0x01AA	0x29EE      	GOTO       L_manual_mode32
;MyProject.c,139 :: 		flag1=1;
0x01AB	0x3001      	MOVLW      1
0x01AC	0x00AE      	MOVWF      _flag1
0x01AD	0x3000      	MOVLW      0
0x01AE	0x00AF      	MOVWF      _flag1+1
;MyProject.c,140 :: 		if(flag2==1){
0x01AF	0x3000      	MOVLW      0
0x01B0	0x0631      	XORWF      _flag2+1, 0
0x01B1	0x1D03      	BTFSS      STATUS, 2
0x01B2	0x29B5      	GOTO       L__manual_mode72
0x01B3	0x3001      	MOVLW      1
0x01B4	0x0630      	XORWF      _flag2, 0
L__manual_mode72:
0x01B5	0x1D03      	BTFSS      STATUS, 2
0x01B6	0x29BD      	GOTO       L_manual_mode33
;MyProject.c,141 :: 		flag2=0;
0x01B7	0x01B0      	CLRF       _flag2
0x01B8	0x01B1      	CLRF       _flag2+1
;MyProject.c,142 :: 		slow_counter=0;
0x01B9	0x01B4      	CLRF       _slow_counter
0x01BA	0x01B5      	CLRF       _slow_counter+1
;MyProject.c,143 :: 		timer_count=0;
0x01BB	0x01AC      	CLRF       _timer_count
0x01BC	0x01AD      	CLRF       _timer_count+1
;MyProject.c,144 :: 		}
L_manual_mode33:
;MyProject.c,145 :: 		display_traffic_light(WEST, GREEN);
0x01BD	0x01BC      	CLRF       FARG_display_traffic_light_street
0x01BE	0x01BD      	CLRF       FARG_display_traffic_light_street+1
0x01BF	0x3003      	MOVLW      3
0x01C0	0x00BE      	MOVWF      FARG_display_traffic_light_color
0x01C1	0x3000      	MOVLW      0
0x01C2	0x00BF      	MOVWF      FARG_display_traffic_light_color+1
0x01C3	0x214D      	CALL       _display_traffic_light
;MyProject.c,146 :: 		if(slow_counter<SOUTH_YELLOW_TIME) {    // not <= as when slow counter reach 3 go to else not when reach 4 second
0x01C4	0x3080      	MOVLW      128
0x01C5	0x0635      	XORWF      _slow_counter+1, 0
0x01C6	0x00F0      	MOVWF      R0
0x01C7	0x3080      	MOVLW      128
0x01C8	0x0270      	SUBWF      R0, 0
0x01C9	0x1D03      	BTFSS      STATUS, 2
0x01CA	0x29CD      	GOTO       L__manual_mode73
0x01CB	0x3003      	MOVLW      3
0x01CC	0x0234      	SUBWF      _slow_counter, 0
L__manual_mode73:
0x01CD	0x1803      	BTFSC      STATUS, 0
0x01CE	0x29E4      	GOTO       L_manual_mode34
;MyProject.c,147 :: 		display_traffic_light(SOUTH, YELLOW);
0x01CF	0x3001      	MOVLW      1
0x01D0	0x00BC      	MOVWF      FARG_display_traffic_light_street
0x01D1	0x3000      	MOVLW      0
0x01D2	0x00BD      	MOVWF      FARG_display_traffic_light_street+1
0x01D3	0x3004      	MOVLW      4
0x01D4	0x00BE      	MOVWF      FARG_display_traffic_light_color
0x01D5	0x3000      	MOVLW      0
0x01D6	0x00BF      	MOVWF      FARG_display_traffic_light_color+1
0x01D7	0x214D      	CALL       _display_traffic_light
;MyProject.c,148 :: 		display_time(SOUTH_YELLOW_TIME,SOUTH);
0x01D8	0x3003      	MOVLW      3
0x01D9	0x00BC      	MOVWF      FARG_display_time_x
0x01DA	0x3000      	MOVLW      0
0x01DB	0x00BD      	MOVWF      FARG_display_time_x+1
0x01DC	0x3001      	MOVLW      1
0x01DD	0x00BE      	MOVWF      FARG_display_time_street
0x01DE	0x3000      	MOVLW      0
0x01DF	0x00BF      	MOVWF      FARG_display_time_street+1
0x01E0	0x2107      	CALL       _display_time
;MyProject.c,149 :: 		portc.b4=1;
0x01E1	0x1607      	BSF        PORTC, 4
;MyProject.c,150 :: 		portc.b5=1;
0x01E2	0x1687      	BSF        PORTC, 5
;MyProject.c,151 :: 		}
0x01E3	0x29ED      	GOTO       L_manual_mode35
L_manual_mode34:
;MyProject.c,153 :: 		display_traffic_light(SOUTH, RED);
0x01E4	0x3001      	MOVLW      1
0x01E5	0x00BC      	MOVWF      FARG_display_traffic_light_street
0x01E6	0x3000      	MOVLW      0
0x01E7	0x00BD      	MOVWF      FARG_display_traffic_light_street+1
0x01E8	0x3002      	MOVLW      2
0x01E9	0x00BE      	MOVWF      FARG_display_traffic_light_color
0x01EA	0x3000      	MOVLW      0
0x01EB	0x00BF      	MOVWF      FARG_display_traffic_light_color+1
0x01EC	0x214D      	CALL       _display_traffic_light
;MyProject.c,154 :: 		}
L_manual_mode35:
;MyProject.c,155 :: 		}
0x01ED	0x2A2E      	GOTO       L_manual_mode36
L_manual_mode32:
;MyProject.c,156 :: 		else if(portd.STREET_SWITCH==SOUTH){
0x01EE	0x1F88      	BTFSS      PORTD, 7
0x01EF	0x2A2E      	GOTO       L_manual_mode37
;MyProject.c,157 :: 		flag2=1;
0x01F0	0x3001      	MOVLW      1
0x01F1	0x00B0      	MOVWF      _flag2
0x01F2	0x3000      	MOVLW      0
0x01F3	0x00B1      	MOVWF      _flag2+1
;MyProject.c,158 :: 		if(flag1==1){
0x01F4	0x3000      	MOVLW      0
0x01F5	0x062F      	XORWF      _flag1+1, 0
0x01F6	0x1D03      	BTFSS      STATUS, 2
0x01F7	0x29FA      	GOTO       L__manual_mode74
0x01F8	0x3001      	MOVLW      1
0x01F9	0x062E      	XORWF      _flag1, 0
L__manual_mode74:
0x01FA	0x1D03      	BTFSS      STATUS, 2
0x01FB	0x2A02      	GOTO       L_manual_mode38
;MyProject.c,159 :: 		flag1=0;
0x01FC	0x01AE      	CLRF       _flag1
0x01FD	0x01AF      	CLRF       _flag1+1
;MyProject.c,160 :: 		slow_counter=0;
0x01FE	0x01B4      	CLRF       _slow_counter
0x01FF	0x01B5      	CLRF       _slow_counter+1
;MyProject.c,161 :: 		timer_count=0;
0x0200	0x01AC      	CLRF       _timer_count
0x0201	0x01AD      	CLRF       _timer_count+1
;MyProject.c,162 :: 		}
L_manual_mode38:
;MyProject.c,163 :: 		display_traffic_light(SOUTH, GREEN);
0x0202	0x3001      	MOVLW      1
0x0203	0x00BC      	MOVWF      FARG_display_traffic_light_street
0x0204	0x3000      	MOVLW      0
0x0205	0x00BD      	MOVWF      FARG_display_traffic_light_street+1
0x0206	0x3003      	MOVLW      3
0x0207	0x00BE      	MOVWF      FARG_display_traffic_light_color
0x0208	0x3000      	MOVLW      0
0x0209	0x00BF      	MOVWF      FARG_display_traffic_light_color+1
0x020A	0x214D      	CALL       _display_traffic_light
;MyProject.c,165 :: 		if(slow_counter<WEST_YELLOW_TIME) {    // not <= as when slow counter reach 3 go to else not when reach 4 second
0x020B	0x3080      	MOVLW      128
0x020C	0x0635      	XORWF      _slow_counter+1, 0
0x020D	0x00F0      	MOVWF      R0
0x020E	0x3080      	MOVLW      128
0x020F	0x0270      	SUBWF      R0, 0
0x0210	0x1D03      	BTFSS      STATUS, 2
0x0211	0x2A14      	GOTO       L__manual_mode75
0x0212	0x3003      	MOVLW      3
0x0213	0x0234      	SUBWF      _slow_counter, 0
L__manual_mode75:
0x0214	0x1803      	BTFSC      STATUS, 0
0x0215	0x2A27      	GOTO       L_manual_mode39
;MyProject.c,166 :: 		display_traffic_light(WEST, YELLOW);
0x0216	0x01BC      	CLRF       FARG_display_traffic_light_street
0x0217	0x01BD      	CLRF       FARG_display_traffic_light_street+1
0x0218	0x3004      	MOVLW      4
0x0219	0x00BE      	MOVWF      FARG_display_traffic_light_color
0x021A	0x3000      	MOVLW      0
0x021B	0x00BF      	MOVWF      FARG_display_traffic_light_color+1
0x021C	0x214D      	CALL       _display_traffic_light
;MyProject.c,167 :: 		display_time(WEST_YELLOW_TIME,WEST);
0x021D	0x3003      	MOVLW      3
0x021E	0x00BC      	MOVWF      FARG_display_time_x
0x021F	0x3000      	MOVLW      0
0x0220	0x00BD      	MOVWF      FARG_display_time_x+1
0x0221	0x01BE      	CLRF       FARG_display_time_street
0x0222	0x01BF      	CLRF       FARG_display_time_street+1
0x0223	0x2107      	CALL       _display_time
;MyProject.c,168 :: 		portb.b6=0;
0x0224	0x1306      	BCF        PORTB, 6
;MyProject.c,169 :: 		portb.b7=0;
0x0225	0x1386      	BCF        PORTB, 7
;MyProject.c,170 :: 		}
0x0226	0x2A2E      	GOTO       L_manual_mode40
L_manual_mode39:
;MyProject.c,172 :: 		display_traffic_light(WEST, RED);
0x0227	0x01BC      	CLRF       FARG_display_traffic_light_street
0x0228	0x01BD      	CLRF       FARG_display_traffic_light_street+1
0x0229	0x3002      	MOVLW      2
0x022A	0x00BE      	MOVWF      FARG_display_traffic_light_color
0x022B	0x3000      	MOVLW      0
0x022C	0x00BF      	MOVWF      FARG_display_traffic_light_color+1
0x022D	0x214D      	CALL       _display_traffic_light
;MyProject.c,173 :: 		}
L_manual_mode40:
;MyProject.c,174 :: 		}
L_manual_mode37:
L_manual_mode36:
;MyProject.c,175 :: 		}
L_end_manual_mode:
0x022E	0x0008      	RETURN
; end of _manual_mode
_automatic_mode:
;MyProject.c,99 :: 		void automatic_mode() {
;MyProject.c,100 :: 		switch (state) {
0x022F	0x2AD2      	GOTO       L_automatic_mode22
;MyProject.c,101 :: 		case WEST_RED:
L_automatic_mode24:
;MyProject.c,102 :: 		display_traffic_light(WEST, RED);
0x0230	0x1283      	BCF        STATUS, 5
0x0231	0x1303      	BCF        STATUS, 6
0x0232	0x01BC      	CLRF       FARG_display_traffic_light_street
0x0233	0x01BD      	CLRF       FARG_display_traffic_light_street+1
0x0234	0x3002      	MOVLW      2
0x0235	0x00BE      	MOVWF      FARG_display_traffic_light_color
0x0236	0x3000      	MOVLW      0
0x0237	0x00BF      	MOVWF      FARG_display_traffic_light_color+1
0x0238	0x214D      	CALL       _display_traffic_light
;MyProject.c,103 :: 		display_time(WEST_RED_TIME,WEST);
0x0239	0x300F      	MOVLW      15
0x023A	0x00BC      	MOVWF      FARG_display_time_x
0x023B	0x3000      	MOVLW      0
0x023C	0x00BD      	MOVWF      FARG_display_time_x+1
0x023D	0x01BE      	CLRF       FARG_display_time_street
0x023E	0x01BF      	CLRF       FARG_display_time_street+1
0x023F	0x2107      	CALL       _display_time
;MyProject.c,104 :: 		if(slow_counter<SOUTH_GREEN_TIME){
0x0240	0x3080      	MOVLW      128
0x0241	0x0635      	XORWF      _slow_counter+1, 0
0x0242	0x00F0      	MOVWF      R0
0x0243	0x3080      	MOVLW      128
0x0244	0x0270      	SUBWF      R0, 0
0x0245	0x1D03      	BTFSS      STATUS, 2
0x0246	0x2A49      	GOTO       L__automatic_mode65
0x0247	0x300C      	MOVLW      12
0x0248	0x0234      	SUBWF      _slow_counter, 0
L__automatic_mode65:
0x0249	0x1803      	BTFSC      STATUS, 0
0x024A	0x2A5E      	GOTO       L_automatic_mode25
;MyProject.c,105 :: 		display_time(SOUTH_GREEN_TIME,SOUTH);
0x024B	0x300C      	MOVLW      12
0x024C	0x00BC      	MOVWF      FARG_display_time_x
0x024D	0x3000      	MOVLW      0
0x024E	0x00BD      	MOVWF      FARG_display_time_x+1
0x024F	0x3001      	MOVLW      1
0x0250	0x00BE      	MOVWF      FARG_display_time_street
0x0251	0x3000      	MOVLW      0
0x0252	0x00BF      	MOVWF      FARG_display_time_street+1
0x0253	0x2107      	CALL       _display_time
;MyProject.c,106 :: 		display_traffic_light(SOUTH, GREEN);
0x0254	0x3001      	MOVLW      1
0x0255	0x00BC      	MOVWF      FARG_display_traffic_light_street
0x0256	0x3000      	MOVLW      0
0x0257	0x00BD      	MOVWF      FARG_display_traffic_light_street+1
0x0258	0x3003      	MOVLW      3
0x0259	0x00BE      	MOVWF      FARG_display_traffic_light_color
0x025A	0x3000      	MOVLW      0
0x025B	0x00BF      	MOVWF      FARG_display_traffic_light_color+1
0x025C	0x214D      	CALL       _display_traffic_light
;MyProject.c,107 :: 		}
0x025D	0x2A70      	GOTO       L_automatic_mode26
L_automatic_mode25:
;MyProject.c,109 :: 		display_time(SOUTH_GREEN_TIME+SOUTH_YELLOW_TIME,SOUTH);
0x025E	0x300F      	MOVLW      15
0x025F	0x00BC      	MOVWF      FARG_display_time_x
0x0260	0x3000      	MOVLW      0
0x0261	0x00BD      	MOVWF      FARG_display_time_x+1
0x0262	0x3001      	MOVLW      1
0x0263	0x00BE      	MOVWF      FARG_display_time_street
0x0264	0x3000      	MOVLW      0
0x0265	0x00BF      	MOVWF      FARG_display_time_street+1
0x0266	0x2107      	CALL       _display_time
;MyProject.c,110 :: 		display_traffic_light(SOUTH, YELLOW);}
0x0267	0x3001      	MOVLW      1
0x0268	0x00BC      	MOVWF      FARG_display_traffic_light_street
0x0269	0x3000      	MOVLW      0
0x026A	0x00BD      	MOVWF      FARG_display_traffic_light_street+1
0x026B	0x3004      	MOVLW      4
0x026C	0x00BE      	MOVWF      FARG_display_traffic_light_color
0x026D	0x3000      	MOVLW      0
0x026E	0x00BF      	MOVWF      FARG_display_traffic_light_color+1
0x026F	0x214D      	CALL       _display_traffic_light
L_automatic_mode26:
;MyProject.c,111 :: 		if (slow_counter >= WEST_RED_TIME) {
0x0270	0x3080      	MOVLW      128
0x0271	0x0635      	XORWF      _slow_counter+1, 0
0x0272	0x00F0      	MOVWF      R0
0x0273	0x3080      	MOVLW      128
0x0274	0x0270      	SUBWF      R0, 0
0x0275	0x1D03      	BTFSS      STATUS, 2
0x0276	0x2A79      	GOTO       L__automatic_mode66
0x0277	0x300F      	MOVLW      15
0x0278	0x0234      	SUBWF      _slow_counter, 0
L__automatic_mode66:
0x0279	0x1C03      	BTFSS      STATUS, 0
0x027A	0x2A83      	GOTO       L_automatic_mode27
;MyProject.c,112 :: 		slow_counter=0;
0x027B	0x01B4      	CLRF       _slow_counter
0x027C	0x01B5      	CLRF       _slow_counter+1
;MyProject.c,113 :: 		timer_count = 0;
0x027D	0x01AC      	CLRF       _timer_count
0x027E	0x01AD      	CLRF       _timer_count+1
;MyProject.c,114 :: 		state = SOUTH_RED;
0x027F	0x3008      	MOVLW      8
0x0280	0x00AA      	MOVWF      _state
0x0281	0x3000      	MOVLW      0
0x0282	0x00AB      	MOVWF      _state+1
;MyProject.c,115 :: 		}
L_automatic_mode27:
;MyProject.c,116 :: 		break;
0x0283	0x2AE4      	GOTO       L_automatic_mode23
;MyProject.c,117 :: 		case SOUTH_RED:
L_automatic_mode28:
;MyProject.c,118 :: 		display_traffic_light(SOUTH, RED);
0x0284	0x3001      	MOVLW      1
0x0285	0x00BC      	MOVWF      FARG_display_traffic_light_street
0x0286	0x3000      	MOVLW      0
0x0287	0x00BD      	MOVWF      FARG_display_traffic_light_street+1
0x0288	0x3002      	MOVLW      2
0x0289	0x00BE      	MOVWF      FARG_display_traffic_light_color
0x028A	0x3000      	MOVLW      0
0x028B	0x00BF      	MOVWF      FARG_display_traffic_light_color+1
0x028C	0x214D      	CALL       _display_traffic_light
;MyProject.c,119 :: 		display_time(SOUTH_RED_TIME,SOUTH);
0x028D	0x3017      	MOVLW      23
0x028E	0x00BC      	MOVWF      FARG_display_time_x
0x028F	0x3000      	MOVLW      0
0x0290	0x00BD      	MOVWF      FARG_display_time_x+1
0x0291	0x3001      	MOVLW      1
0x0292	0x00BE      	MOVWF      FARG_display_time_street
0x0293	0x3000      	MOVLW      0
0x0294	0x00BF      	MOVWF      FARG_display_time_street+1
0x0295	0x2107      	CALL       _display_time
;MyProject.c,120 :: 		if (slow_counter<WEST_GREEN_TIME) {
0x0296	0x3080      	MOVLW      128
0x0297	0x0635      	XORWF      _slow_counter+1, 0
0x0298	0x00F0      	MOVWF      R0
0x0299	0x3080      	MOVLW      128
0x029A	0x0270      	SUBWF      R0, 0
0x029B	0x1D03      	BTFSS      STATUS, 2
0x029C	0x2A9F      	GOTO       L__automatic_mode67
0x029D	0x3014      	MOVLW      20
0x029E	0x0234      	SUBWF      _slow_counter, 0
L__automatic_mode67:
0x029F	0x1803      	BTFSC      STATUS, 0
0x02A0	0x2AB0      	GOTO       L_automatic_mode29
;MyProject.c,121 :: 		display_traffic_light(WEST, GREEN);
0x02A1	0x01BC      	CLRF       FARG_display_traffic_light_street
0x02A2	0x01BD      	CLRF       FARG_display_traffic_light_street+1
0x02A3	0x3003      	MOVLW      3
0x02A4	0x00BE      	MOVWF      FARG_display_traffic_light_color
0x02A5	0x3000      	MOVLW      0
0x02A6	0x00BF      	MOVWF      FARG_display_traffic_light_color+1
0x02A7	0x214D      	CALL       _display_traffic_light
;MyProject.c,122 :: 		display_time(WEST_GREEN_TIME,WEST);
0x02A8	0x3014      	MOVLW      20
0x02A9	0x00BC      	MOVWF      FARG_display_time_x
0x02AA	0x3000      	MOVLW      0
0x02AB	0x00BD      	MOVWF      FARG_display_time_x+1
0x02AC	0x01BE      	CLRF       FARG_display_time_street
0x02AD	0x01BF      	CLRF       FARG_display_time_street+1
0x02AE	0x2107      	CALL       _display_time
;MyProject.c,123 :: 		}
0x02AF	0x2ABE      	GOTO       L_automatic_mode30
L_automatic_mode29:
;MyProject.c,125 :: 		display_traffic_light(WEST, YELLOW);
0x02B0	0x01BC      	CLRF       FARG_display_traffic_light_street
0x02B1	0x01BD      	CLRF       FARG_display_traffic_light_street+1
0x02B2	0x3004      	MOVLW      4
0x02B3	0x00BE      	MOVWF      FARG_display_traffic_light_color
0x02B4	0x3000      	MOVLW      0
0x02B5	0x00BF      	MOVWF      FARG_display_traffic_light_color+1
0x02B6	0x214D      	CALL       _display_traffic_light
;MyProject.c,126 :: 		display_time(WEST_GREEN_TIME+WEST_YELLOW_TIME,WEST);
0x02B7	0x3017      	MOVLW      23
0x02B8	0x00BC      	MOVWF      FARG_display_time_x
0x02B9	0x3000      	MOVLW      0
0x02BA	0x00BD      	MOVWF      FARG_display_time_x+1
0x02BB	0x01BE      	CLRF       FARG_display_time_street
0x02BC	0x01BF      	CLRF       FARG_display_time_street+1
0x02BD	0x2107      	CALL       _display_time
;MyProject.c,127 :: 		}
L_automatic_mode30:
;MyProject.c,128 :: 		if (slow_counter >=SOUTH_RED_TIME) {
0x02BE	0x3080      	MOVLW      128
0x02BF	0x0635      	XORWF      _slow_counter+1, 0
0x02C0	0x00F0      	MOVWF      R0
0x02C1	0x3080      	MOVLW      128
0x02C2	0x0270      	SUBWF      R0, 0
0x02C3	0x1D03      	BTFSS      STATUS, 2
0x02C4	0x2AC7      	GOTO       L__automatic_mode68
0x02C5	0x3017      	MOVLW      23
0x02C6	0x0234      	SUBWF      _slow_counter, 0
L__automatic_mode68:
0x02C7	0x1C03      	BTFSS      STATUS, 0
0x02C8	0x2AD1      	GOTO       L_automatic_mode31
;MyProject.c,129 :: 		slow_counter=0;
0x02C9	0x01B4      	CLRF       _slow_counter
0x02CA	0x01B5      	CLRF       _slow_counter+1
;MyProject.c,130 :: 		timer_count = 0;
0x02CB	0x01AC      	CLRF       _timer_count
0x02CC	0x01AD      	CLRF       _timer_count+1
;MyProject.c,131 :: 		state = WEST_RED;
0x02CD	0x3005      	MOVLW      5
0x02CE	0x00AA      	MOVWF      _state
0x02CF	0x3000      	MOVLW      0
0x02D0	0x00AB      	MOVWF      _state+1
;MyProject.c,132 :: 		}
L_automatic_mode31:
;MyProject.c,133 :: 		break;
0x02D1	0x2AE4      	GOTO       L_automatic_mode23
;MyProject.c,134 :: 		}
L_automatic_mode22:
0x02D2	0x1283      	BCF        STATUS, 5
0x02D3	0x1303      	BCF        STATUS, 6
0x02D4	0x3000      	MOVLW      0
0x02D5	0x062B      	XORWF      _state+1, 0
0x02D6	0x1D03      	BTFSS      STATUS, 2
0x02D7	0x2ADA      	GOTO       L__automatic_mode69
0x02D8	0x3005      	MOVLW      5
0x02D9	0x062A      	XORWF      _state, 0
L__automatic_mode69:
0x02DA	0x1903      	BTFSC      STATUS, 2
0x02DB	0x2A30      	GOTO       L_automatic_mode24
0x02DC	0x3000      	MOVLW      0
0x02DD	0x062B      	XORWF      _state+1, 0
0x02DE	0x1D03      	BTFSS      STATUS, 2
0x02DF	0x2AE2      	GOTO       L__automatic_mode70
0x02E0	0x3008      	MOVLW      8
0x02E1	0x062A      	XORWF      _state, 0
L__automatic_mode70:
0x02E2	0x1903      	BTFSC      STATUS, 2
0x02E3	0x2A84      	GOTO       L_automatic_mode28
L_automatic_mode23:
;MyProject.c,135 :: 		}
L_end_automatic_mode:
0x02E4	0x0008      	RETURN
; end of _automatic_mode
___CC2DW:
;__Lib_System.c,134 :: 		
;__Lib_System.c,137 :: 		
_CC2D_Loop1:
;__Lib_System.c,139 :: 		
0x02E5	0x2100      	CALL       _____DoICP
0x02E6	0x118A      	BCF        PCLATH, 3
0x02E7	0x120A      	BCF        PCLATH, 4
;__Lib_System.c,141 :: 		
0x02E8	0x0080      	MOVWF      INDF
;__Lib_System.c,142 :: 		
0x02E9	0x0A84      	INCF       FSR, 1
;__Lib_System.c,143 :: 		
0x02EA	0x0AB8      	INCF       ___DoICPAddr, 1
;__Lib_System.c,145 :: 		
0x02EB	0x1903      	BTFSC      STATUS, 2
;__Lib_System.c,146 :: 		
0x02EC	0x0AB9      	INCF       ___DoICPAddr+1, 1
;__Lib_System.c,147 :: 		
0x02ED	0x03F0      	DECF       R0, 1
;__Lib_System.c,149 :: 		
0x02EE	0x1D03      	BTFSS      STATUS, 2
;__Lib_System.c,150 :: 		
0x02EF	0x2AE5      	GOTO       _CC2D_Loop1
;__Lib_System.c,152 :: 		
L_end___CC2DW:
0x02F0	0x0008      	RETURN
; end of ___CC2DW
_main:
0x02F1	0x3005      	MOVLW      5
0x02F2	0x1283      	BCF        STATUS, 5
0x02F3	0x1303      	BCF        STATUS, 6
0x02F4	0x00AA      	MOVWF      _state
0x02F5	0x01AB      	CLRF       43
0x02F6	0x01AC      	CLRF       _timer_count
0x02F7	0x01AD      	CLRF       45
0x02F8	0x01AE      	CLRF       _flag1
0x02F9	0x01AF      	CLRF       47
0x02FA	0x01B0      	CLRF       _flag2
0x02FB	0x01B1      	CLRF       49
0x02FC	0x01B2      	CLRF       _flag0
0x02FD	0x01B3      	CLRF       51
0x02FE	0x01B4      	CLRF       _slow_counter
0x02FF	0x01B5      	CLRF       53
0x0300	0x01B6      	CLRF       _flag
0x0301	0x01B7      	CLRF       55
;MyProject.c,177 :: 		void main() {
;MyProject.c,178 :: 		adcon1=7;
0x0302	0x3007      	MOVLW      7
0x0303	0x1683      	BSF        STATUS, 5
0x0304	0x009F      	MOVWF      ADCON1
;MyProject.c,179 :: 		trisa=0b00000000;
0x0305	0x0185      	CLRF       TRISA
;MyProject.c,180 :: 		trise=0b000;
0x0306	0x0189      	CLRF       TRISE
;MyProject.c,181 :: 		PORTA=0;
0x0307	0x1283      	BCF        STATUS, 5
0x0308	0x0185      	CLRF       PORTA
;MyProject.c,182 :: 		GIE_BIT=1;
0x0309	0x178B      	BSF        GIE_bit, BitPos(GIE_bit+0)
;MyProject.c,183 :: 		TMR0IE_BIT=1;
0x030A	0x168B      	BSF        TMR0IE_bit, BitPos(TMR0IE_bit+0)
;MyProject.c,184 :: 		OPTION_REG=0b10000111;  //pres is 256
0x030B	0x3087      	MOVLW      135
0x030C	0x1683      	BSF        STATUS, 5
0x030D	0x0081      	MOVWF      OPTION_REG
;MyProject.c,185 :: 		TMR0=0;
0x030E	0x1283      	BCF        STATUS, 5
0x030F	0x0181      	CLRF       TMR0
;MyProject.c,186 :: 		TRISC = 0b00000000;
0x0310	0x1683      	BSF        STATUS, 5
0x0311	0x0187      	CLRF       TRISC
;MyProject.c,187 :: 		PORTC=0;
0x0312	0x1283      	BCF        STATUS, 5
0x0313	0x0187      	CLRF       PORTC
;MyProject.c,188 :: 		TRISB = 0b00000000;
0x0314	0x1683      	BSF        STATUS, 5
0x0315	0x0186      	CLRF       TRISB
;MyProject.c,189 :: 		trisd=0b11000000;
0x0316	0x30C0      	MOVLW      192
0x0317	0x0088      	MOVWF      TRISD
;MyProject.c,190 :: 		while(1) {
L_main41:
;MyProject.c,191 :: 		if (portd.B6==1) {
0x0318	0x1283      	BCF        STATUS, 5
0x0319	0x1F08      	BTFSS      PORTD, 6
0x031A	0x2B2F      	GOTO       L_main43
;MyProject.c,192 :: 		flag=1;
0x031B	0x3001      	MOVLW      1
0x031C	0x00B6      	MOVWF      _flag
0x031D	0x3000      	MOVLW      0
0x031E	0x00B7      	MOVWF      _flag+1
;MyProject.c,193 :: 		if(flag0==1){
0x031F	0x3000      	MOVLW      0
0x0320	0x0633      	XORWF      _flag0+1, 0
0x0321	0x1D03      	BTFSS      STATUS, 2
0x0322	0x2B25      	GOTO       L__main77
0x0323	0x3001      	MOVLW      1
0x0324	0x0632      	XORWF      _flag0, 0
L__main77:
0x0325	0x1D03      	BTFSS      STATUS, 2
0x0326	0x2B2D      	GOTO       L_main44
;MyProject.c,194 :: 		flag0=0;
0x0327	0x01B2      	CLRF       _flag0
0x0328	0x01B3      	CLRF       _flag0+1
;MyProject.c,195 :: 		slow_counter=0;
0x0329	0x01B4      	CLRF       _slow_counter
0x032A	0x01B5      	CLRF       _slow_counter+1
;MyProject.c,196 :: 		timer_count=0;
0x032B	0x01AC      	CLRF       _timer_count
0x032C	0x01AD      	CLRF       _timer_count+1
;MyProject.c,197 :: 		}
L_main44:
;MyProject.c,198 :: 		manual_mode();
0x032D	0x21A7      	CALL       _manual_mode
;MyProject.c,199 :: 		}
0x032E	0x2B42      	GOTO       L_main45
L_main43:
;MyProject.c,201 :: 		flag0=1;
0x032F	0x3001      	MOVLW      1
0x0330	0x00B2      	MOVWF      _flag0
0x0331	0x3000      	MOVLW      0
0x0332	0x00B3      	MOVWF      _flag0+1
;MyProject.c,202 :: 		if(flag==1){
0x0333	0x3000      	MOVLW      0
0x0334	0x0637      	XORWF      _flag+1, 0
0x0335	0x1D03      	BTFSS      STATUS, 2
0x0336	0x2B39      	GOTO       L__main78
0x0337	0x3001      	MOVLW      1
0x0338	0x0636      	XORWF      _flag, 0
L__main78:
0x0339	0x1D03      	BTFSS      STATUS, 2
0x033A	0x2B41      	GOTO       L_main46
;MyProject.c,203 :: 		flag=0;
0x033B	0x01B6      	CLRF       _flag
0x033C	0x01B7      	CLRF       _flag+1
;MyProject.c,204 :: 		slow_counter=0;
0x033D	0x01B4      	CLRF       _slow_counter
0x033E	0x01B5      	CLRF       _slow_counter+1
;MyProject.c,205 :: 		timer_count=0;
0x033F	0x01AC      	CLRF       _timer_count
0x0340	0x01AD      	CLRF       _timer_count+1
;MyProject.c,206 :: 		}
L_main46:
;MyProject.c,207 :: 		automatic_mode();
0x0341	0x222F      	CALL       _automatic_mode
;MyProject.c,208 :: 		}
L_main45:
;MyProject.c,209 :: 		}
0x0342	0x2B18      	GOTO       L_main41
;MyProject.c,210 :: 		}
L_end_main:
0x0343	0x2B43      	GOTO       $+0
; end of _main
Symbol List:
//** Routines locations **
//ADDRESS    SIZE    PROCEDURE
//----------------------------------------------
0x0004     [103]    _interrupt
0x006B      [44]    _Div_16x16_S_L
0x0097     [105]    _Div_16x16_S
0x0100       [7]    _____DoICP
0x0107      [70]    _display_time
0x014D      [90]    _display_traffic_light
0x01A7     [136]    _manual_mode
0x022F     [182]    _automatic_mode
0x02E5      [12]    ___CC2DW
0x02F1      [83]    _main
//** Variables locations ** 
//ADDRESS    SIZE    VARIABLE
//----------------------------------------------
0x0000       [1]    INDF
0x0001       [1]    TMR0
0x0002       [1]    PCL
0x0003       [1]    STATUS
0x0004       [1]    FSR
0x0005       [1]    PORTA
0x0006       [1]    PORTB
0x0007       [1]    PORTC
0x0008       [1]    PORTD
0x0009       [1]    PORTE
0x000A       [1]    PCLATH
0x000B       [0]    TMR0IF_bit
0x000B       [0]    TMR0IE_bit
0x000B       [0]    GIE_bit
0x002A       [2]    _state
0x002C       [2]    _timer_count
0x002E       [2]    _flag1
0x0030       [2]    _flag2
0x0032       [2]    _flag0
0x0034       [2]    _slow_counter
0x0036       [2]    _flag
0x0038       [2]    ___DoICPAddr
0x003A       [1]    ___saveSTATUS
0x003B       [1]    ___savePCLATH
0x003C       [2]    FARG_display_time_x
0x003C       [2]    FARG_display_traffic_light_street
0x003E       [2]    FARG_display_time_street
0x003E       [2]    FARG_display_traffic_light_color
0x0040       [2]    display_time_units_L0
0x0042       [2]    display_time_tens_L0
0x0044       [2]    FLOC__display_time
0x0070       [1]    R0
0x0071       [1]    R1
0x0072       [1]    R2
0x0073       [1]    R3
0x0074       [1]    R4
0x0075       [1]    R5
0x0076       [1]    R6
0x0077       [1]    R7
0x0078       [1]    R8
0x0079       [1]    R9
0x007A       [1]    R10
0x007B       [1]    R11
0x007C       [1]    R12
0x007D       [1]    R13
0x007E       [1]    R14
0x007F       [1]    R15
0x0081       [1]    OPTION_REG
0x0085       [1]    TRISA
0x0086       [1]    TRISB
0x0087       [1]    TRISC
0x0088       [1]    TRISD
0x0089       [1]    TRISE
0x009F       [1]    ADCON1
//** Label List: ** 
//----------------------------------------------
  L_display_time0
  L_display_time1
  L_display_time2
  L_interrupt3
  L_interrupt4
  L_interrupt5
  L_interrupt6
  L_interrupt7
  L_interrupt8
  L_display_traffic_light9
  L_display_traffic_light10
  L_display_traffic_light11
  L_display_traffic_light12
  L_display_traffic_light13
  L_display_traffic_light14
  L_display_traffic_light15
  L_display_traffic_light16
  L_display_traffic_light17
  L_display_traffic_light18
  L_display_traffic_light19
  L_display_traffic_light20
  L_display_traffic_light21
  L_automatic_mode22
  L_automatic_mode23
  L_automatic_mode24
  L_automatic_mode25
  L_automatic_mode26
  L_automatic_mode27
  L_automatic_mode28
  L_automatic_mode29
  L_automatic_mode30
  L_automatic_mode31
  L_manual_mode32
  L_manual_mode33
  L_manual_mode34
  L_manual_mode35
  L_manual_mode36
  L_manual_mode37
  L_manual_mode38
  L_manual_mode39
  L_manual_mode40
  L_main41
  L_main42
  L_main43
  L_main44
  L_main45
  L_main46
  L__interrupt47
  L_end_display_time
  _display_time
  L__display_time49
  L__display_time50
  L_end_interrupt
  _interrupt
  L__interrupt52
  L__interrupt53
  L__interrupt54
  L_end_display_traffic_light
  _display_traffic_light
  L__display_traffic_light56
  L__display_traffic_light57
  L__display_traffic_light58
  L__display_traffic_light59
  L__display_traffic_light60
  L__display_traffic_light61
  L__display_traffic_light62
  L__display_traffic_light63
  L_end_automatic_mode
  _automatic_mode
  L__automatic_mode65
  L__automatic_mode66
  L__automatic_mode67
  L__automatic_mode68
  L__automatic_mode69
  L__automatic_mode70
  L_end_manual_mode
  _manual_mode
  L__manual_mode72
  L__manual_mode73
  L__manual_mode74
  L__manual_mode75
  L_end_main
  _main
  L__main77
  L__main78
  L_Div_16x16_S0
  L_Div_16x16_S1
  LOOPS3232A
  SADD22LA
  SOK22LA
  SADD22L8
  SOK22L8
  LOOPS3232B
  SADD22LB
  SOK22LB
  SADD22L16
  SOK22L16
  LOOPS3232C
  SADD22LC
  SOK22LC
  SADD22L24
  SOK22L24
  LOOPS3232D
  SADD22LD
  SOK22LD
  SOK22L
  L_Div_32x32_S6
  L_Div_32x32_S7
  L_Div_32x32_S8
  L_Div_32x32_S9
  FXD3232S
  END_ALL
  CA3232S
  C3232SX
  C3232SX1
  C3232S
  C3232S2
  C3232SX4
  C3232SOK
  C3232SX3
  C3232SX2
  avoid_comfrem
  LOOPU3232A
  UADD22LA
  UOK22LA
  UADD22L8
  UOK22L8
  LOOPU3232B
  UADD22LB
  UOK22LB
  UADD22L16
  UOK22L16
  LOOPU3232C
  UADD22LC
  UOK22LC
  UADD22L24
  UOK22L24
  LOOPU3232D
  UADD22LD
  UOK22LD
  UOK22L
  _NEXT
  _EXIT2
  _LOOP
  _EXIT1
  _IF_FIRST
  _IF_SECOND
  _INVERCE_FIRST
  _MULT
  _INBERSE_SECOND
  _EXIT
  L_end_Mul_8X8_U
  _Mul_8X8_U
  L_end_Mul_16X16_U
  _Mul_16X16_U
  L_end_Div_8X8_U
  _Div_8X8_U
  L_end_Div_16X16_U
  _Div_16X16_U
  L_end_Mul_8X8_S
  _Mul_8X8_S
  L_end_Mul_16X16_S
  _Mul_16X16_S
  L_end_Div_16x16_S_L
  _Div_16x16_S_L
  L_end_Div_16x16_S
  _Div_16x16_S
  L_end_Div_8X8_S
  _Div_8X8_S
  L_end_SDIV3232L
  _SDIV3232L
  L_end_COMFREM
  _COMFREM
  L_end_Div_32x32_S
  _Div_32x32_S
  L_end_Div_32x32_U
  _Div_32x32_U
  L_end_Mul_32x32_U
  _Mul_32x32_U
  L_end_Mul_32x32_S
  _Mul_32x32_S
  L_loopCA2AWs
  L_CA2AWend
  _CCA2AW_Loop1
  L_loopCS2Ss
  L_CS2Send
  _CCS2S_Loop1
  L_CCS2Send
  L_loopFZinSWs
  L_FZinSend
  _CC2D_Loop1
  L_end_____DoICP
  _____DoICP
  L_end_____DoIFC
  _____DoIFC
  L_end___CA2AW
  ___CA2AW
  L_end___CCA2AW
  ___CCA2AW
  L_end___CS2S
  ___CS2S
  L_end___CCS2S
  ___CCS2S
  L_end___FZinS
  ___FZinS
  L_end___CC2DW
  ___CC2DW
  L_end_Swap
  _Swap
  L_display_time0
  L_display_time1
  L_display_time2
  L_interrupt3
  L_interrupt4
  L_interrupt5
  L_interrupt6
  L_interrupt7
  L_interrupt8
  L_display_traffic_light9
  L_display_traffic_light10
  L_display_traffic_light11
  L_display_traffic_light12
  L_display_traffic_light13
  L_display_traffic_light14
  L_display_traffic_light15
  L_display_traffic_light16
  L_display_traffic_light17
  L_display_traffic_light18
  L_display_traffic_light19
  L_display_traffic_light20
  L_display_traffic_light21
  L_automatic_mode22
  L_automatic_mode23
  L_automatic_mode24
  L_automatic_mode25
  L_automatic_mode26
  L_automatic_mode27
  L_automatic_mode28
  L_automatic_mode29
  L_automatic_mode30
  L_automatic_mode31
  L_manual_mode32
  L_manual_mode33
  L_manual_mode34
  L_manual_mode35
  L_manual_mode36
  L_manual_mode37
  L_manual_mode38
  L_manual_mode39
  L_manual_mode40
  L_main41
  L_main42
  L_main43
  L_main44
  L_main45
  L_main46
  L__interrupt47
  L_end_display_time
  _display_time
  L__display_time49
  L__display_time50
  L_end_interrupt
  _interrupt
  L__interrupt52
  L__interrupt53
  L__interrupt54
  L_end_display_traffic_light
  _display_traffic_light
  L__display_traffic_light56
  L__display_traffic_light57
  L__display_traffic_light58
  L__display_traffic_light59
  L__display_traffic_light60
  L__display_traffic_light61
  L__display_traffic_light62
  L__display_traffic_light63
  L_end_automatic_mode
  _automatic_mode
  L__automatic_mode65
  L__automatic_mode66
  L__automatic_mode67
  L__automatic_mode68
  L__automatic_mode69
  L__automatic_mode70
  L_end_manual_mode
  _manual_mode
  L__manual_mode72
  L__manual_mode73
  L__manual_mode74
  L__manual_mode75
  L_end_main
  _main
  L__main77
  L__main78
